.class com.pubukeji.imageloader.R$attr attr
.class com.pubukeji.imageloader.R$drawable drawable
.class com.pubukeji.imageloader.R$id id
.class com.pubukeji.imageloader.R$layout layout
.class com.pubukeji.imageloader.R$menu menu
.class com.pubukeji.imageloader.R$string string
.class com.pubukeji.imageloader.R$style style
.class com.pubukeji.imageloader.R R
.class com.pubukeji.imageloader.PubuAsynImageLoader$ImageType ImageType
.field com.pubukeji.imageloader.PubuAsynImageLoader$ImageType $VALUES [Lcom/pubukeji/imageloader/PubuAsynImageLoader$ImageType; _$1
.class com.pubukeji.imageloader.PubuAsynImageLoader$1 llIIIIIIllllIIlI
.field com.pubukeji.imageloader.PubuAsynImageLoader$1 this$0 Lcom/pubukeji/imageloader/PubuAsynImageLoader; _$1
.class com.pubukeji.imageloader.PubuAsynImageLoader$ImageLoaderProxy IIIlIllIlllIIllI
.class com.pubukeji.imageloader.PubuAsynImageLoader$2 IlIIIIIIllllIIlI
.field com.pubukeji.imageloader.PubuAsynImageLoader$2 this$0 Lcom/pubukeji/imageloader/PubuAsynImageLoader; _$1
.field com.pubukeji.imageloader.PubuAsynImageLoader$2 val$RoundCornerPixels I _$2
.field com.pubukeji.imageloader.PubuAsynImageLoader$2 val$needRoundCorner Z _$3
.field com.pubukeji.imageloader.PubuAsynImageLoader$2 val$type Lcom/pubukeji/imageloader/PubuAsynImageLoader$ImageType; _$4
.field com.pubukeji.imageloader.PubuAsynImageLoader$2 val$callBack Lcom/pubukeji/imageloader/PubuAsynImageLoader$ImageLoaderCallBack; _$5
.field com.pubukeji.imageloader.PubuAsynImageLoader$2 val$iv Landroid/widget/ImageView; _$6
.field com.pubukeji.imageloader.PubuAsynImageLoader$2 val$imageUrl Ljava/lang/String; _$7
.class com.pubukeji.imageloader.PubuAsynImageLoader$3 lIIIIIIIllllIIlI
.field com.pubukeji.imageloader.PubuAsynImageLoader$3 this$0 Lcom/pubukeji/imageloader/PubuAsynImageLoader; _$1
.field com.pubukeji.imageloader.PubuAsynImageLoader$3 val$callBack Lcom/pubukeji/imageloader/PubuAsynImageLoader$ClearCacheCallBack; _$2
.class com.pubukeji.imageloader.PubuAsynImageLoader$ClearCacheCallBack ClearCacheCallBack
.class com.pubukeji.imageloader.PubuAsynImageLoader$ImageLoaderCallBack ImageLoaderCallBack
.class com.pubukeji.imageloader.PubuAsynImageLoader$ImageLoaderObject lllIIlIIlllIllIl
.field com.pubukeji.imageloader.PubuAsynImageLoader$ImageLoaderObject this$0 Lcom/pubukeji/imageloader/PubuAsynImageLoader; _$1
.method com.pubukeji.imageloader.PubuAsynImageLoader$ImageLoaderObject access$300 (Lcom/pubukeji/imageloader/PubuAsynImageLoader$ImageLoaderObject;)Lcom/pubukeji/imageloader/PubuAsynImageLoader$ImageType; _$1
.method com.pubukeji.imageloader.PubuAsynImageLoader$ImageLoaderObject access$200 (Lcom/pubukeji/imageloader/PubuAsynImageLoader$ImageLoaderObject;)Landroid/graphics/Bitmap; _$2
.method com.pubukeji.imageloader.PubuAsynImageLoader$ImageLoaderObject access$100 (Lcom/pubukeji/imageloader/PubuAsynImageLoader$ImageLoaderObject;)Landroid/widget/ImageView; _$3
.method com.pubukeji.imageloader.PubuAsynImageLoader$ImageLoaderObject access$000 (Lcom/pubukeji/imageloader/PubuAsynImageLoader$ImageLoaderObject;)Lcom/pubukeji/imageloader/PubuAsynImageLoader$ImageLoaderCallBack; _$4
.field com.pubukeji.imageloader.PubuAsynImageLoader$ImageLoaderObject RoundCornerPixels I _$2
.field com.pubukeji.imageloader.PubuAsynImageLoader$ImageLoaderObject needRoundCorner Z _$3
.field com.pubukeji.imageloader.PubuAsynImageLoader$ImageLoaderObject type Lcom/pubukeji/imageloader/PubuAsynImageLoader$ImageType; _$4
.field com.pubukeji.imageloader.PubuAsynImageLoader$ImageLoaderObject bitmap Landroid/graphics/Bitmap; _$5
.field com.pubukeji.imageloader.PubuAsynImageLoader$ImageLoaderObject callBack Lcom/pubukeji/imageloader/PubuAsynImageLoader$ImageLoaderCallBack; _$6
.field com.pubukeji.imageloader.PubuAsynImageLoader$ImageLoaderObject iv Landroid/widget/ImageView; _$7
.field com.pubukeji.imageloader.PubuAsynImageLoader$ImageLoaderObject imageUrl Ljava/lang/String; _$8
.class com.pubukeji.imageloader.PubuAsynImageLoader PubuAsynImageLoader
.method com.pubukeji.imageloader.PubuAsynImageLoader access$1402 (Lcom/pubukeji/imageloader/PubuAsynImageLoader;Z)Z _$1
.method com.pubukeji.imageloader.PubuAsynImageLoader access$1102 (Lcom/pubukeji/imageloader/PubuAsynImageLoader;Landroid/support/v4/util/LruCache;)Landroid/support/v4/util/LruCache; _$1
.method com.pubukeji.imageloader.PubuAsynImageLoader access$1300 (Lcom/pubukeji/imageloader/PubuAsynImageLoader;)Z _$1
.method com.pubukeji.imageloader.PubuAsynImageLoader access$1200 ()Landroid/content/Context; _$1
.method com.pubukeji.imageloader.PubuAsynImageLoader access$1100 (Lcom/pubukeji/imageloader/PubuAsynImageLoader;)Landroid/support/v4/util/LruCache; _$2
.method com.pubukeji.imageloader.PubuAsynImageLoader access$1000 (Lcom/pubukeji/imageloader/PubuAsynImageLoader;Landroid/graphics/BitmapFactory$Options;II)I _$1
.method com.pubukeji.imageloader.PubuAsynImageLoader access$900 (Lcom/pubukeji/imageloader/PubuAsynImageLoader;)Z _$3
.method com.pubukeji.imageloader.PubuAsynImageLoader access$800 ()Ljava/io/File; _$2
.method com.pubukeji.imageloader.PubuAsynImageLoader access$700 (Lcom/pubukeji/imageloader/PubuAsynImageLoader;)Landroid/os/Handler; _$4
.method com.pubukeji.imageloader.PubuAsynImageLoader access$500 (Lcom/pubukeji/imageloader/PubuAsynImageLoader;Landroid/widget/ImageView;Landroid/graphics/Bitmap;ZI)V _$1
.method com.pubukeji.imageloader.PubuAsynImageLoader access$400 (Lcom/pubukeji/imageloader/PubuAsynImageLoader;Landroid/widget/ImageView;Landroid/graphics/Bitmap;ZI)V _$2
.method com.pubukeji.imageloader.PubuAsynImageLoader toRoundCorner (Landroid/graphics/Bitmap;I)Landroid/graphics/Bitmap; _$1
.method com.pubukeji.imageloader.PubuAsynImageLoader computeInitialSampleSize (Landroid/graphics/BitmapFactory$Options;II)I _$1
.method com.pubukeji.imageloader.PubuAsynImageLoader computeSampleSize (Landroid/graphics/BitmapFactory$Options;II)I _$2
.method com.pubukeji.imageloader.PubuAsynImageLoader setBackgroundNoAnim (Landroid/widget/ImageView;Landroid/graphics/Bitmap;ZI)V _$1
.method com.pubukeji.imageloader.PubuAsynImageLoader setBackground (Landroid/widget/ImageView;Landroid/graphics/Bitmap;ZI)V _$2
.method com.pubukeji.imageloader.PubuAsynImageLoader setSrcNoAnim (Landroid/widget/ImageView;Landroid/graphics/Bitmap;ZI)V _$3
.method com.pubukeji.imageloader.PubuAsynImageLoader setSrc (Landroid/widget/ImageView;Landroid/graphics/Bitmap;ZI)V _$4
.method com.pubukeji.imageloader.PubuAsynImageLoader deleteAllImage ()Z _$3
.method com.pubukeji.imageloader.PubuAsynImageLoader loadBitMap (Landroid/widget/ImageView;Ljava/lang/String;Lcom/pubukeji/imageloader/PubuAsynImageLoader$ImageType;Lcom/pubukeji/imageloader/PubuAsynImageLoader$ImageLoaderCallBack;ZI)V _$1
.method com.pubukeji.imageloader.PubuAsynImageLoader initArgs ()V _$4
.method com.pubukeji.imageloader.PubuAsynImageLoader collectionEnv ()V _$5
.field com.pubukeji.imageloader.PubuAsynImageLoader animImgShow Landroid/view/animation/Animation; _$1
.field com.pubukeji.imageloader.PubuAsynImageLoader fetchFromWeb Z _$2
.field com.pubukeji.imageloader.PubuAsynImageLoader executorService Ljava/util/concurrent/ExecutorService; _$3
.field com.pubukeji.imageloader.PubuAsynImageLoader preloadImgRessource I _$4
.field com.pubukeji.imageloader.PubuAsynImageLoader isEnableClear Z _$5
.field com.pubukeji.imageloader.PubuAsynImageLoader currentSavePath Ljava/io/File; _$6
.field com.pubukeji.imageloader.PubuAsynImageLoader handler Landroid/os/Handler; _$7
.field com.pubukeji.imageloader.PubuAsynImageLoader context Landroid/content/Context; _$8
.field com.pubukeji.imageloader.PubuAsynImageLoader imageCache Landroid/support/v4/util/LruCache<Ljava/lang/String;Ljava/lang/ref/SoftReference<Landroid/graphics/Bitmap;>;>; _$9
.field com.pubukeji.imageloader.PubuAsynImageLoader ANIM_SHOWING_TIME I _$10
.field com.pubukeji.imageloader.PubuAsynImageLoader FAILED_LOADED_IMAGE I _$11
.field com.pubukeji.imageloader.PubuAsynImageLoader SUCCESS_LOADED_IMAGE I _$12
.field com.pubukeji.imageloader.PubuAsynImageLoader tag Ljava/lang/String; _$13
